<?xml version="1.0" encoding="UTF-8"?>
<testsuite xmlns:xsi="http://www.w3.org/2001/XMLSchema-instance" xsi:noNamespaceSchemaLocation="https://maven.apache.org/surefire/maven-surefire-plugin/xsd/surefire-test-report.xsd" name="com.tcg.service.impl.UserInfoServiceImplTest" time="1.158" tests="5" errors="0" skipped="0" failures="0">
  <properties>
    <property name="sun.desktop" value="windows"/>
    <property name="awt.toolkit" value="sun.awt.windows.WToolkit"/>
    <property name="java.specification.version" value="9"/>
    <property name="file.encoding.pkg" value="sun.io"/>
    <property name="sun.cpu.isalist" value="amd64"/>
    <property name="sun.jnu.encoding" value="GBK"/>
    <property name="java.class.path" value="E:\eclipse_jee\MeetHere\target\test-classes;E:\eclipse_jee\MeetHere\target\classes;E:\eclipse-workspace\mvn\mvnrepository\org\springframework\boot\spring-boot-starter-security\2.2.1.RELEASE\spring-boot-starter-security-2.2.1.RELEASE.jar;E:\eclipse-workspace\mvn\mvnrepository\org\springframework\boot\spring-boot-starter\2.2.1.RELEASE\spring-boot-starter-2.2.1.RELEASE.jar;E:\eclipse-workspace\mvn\mvnrepository\org\springframework\boot\spring-boot\2.2.1.RELEASE\spring-boot-2.2.1.RELEASE.jar;E:\eclipse-workspace\mvn\mvnrepository\org\springframework\boot\spring-boot-autoconfigure\2.2.1.RELEASE\spring-boot-autoconfigure-2.2.1.RELEASE.jar;E:\eclipse-workspace\mvn\mvnrepository\org\springframework\boot\spring-boot-starter-logging\2.2.1.RELEASE\spring-boot-starter-logging-2.2.1.RELEASE.jar;E:\eclipse-workspace\mvn\mvnrepository\ch\qos\logback\logback-classic\1.2.3\logback-classic-1.2.3.jar;E:\eclipse-workspace\mvn\mvnrepository\ch\qos\logback\logback-core\1.2.3\logback-core-1.2.3.jar;E:\eclipse-workspace\mvn\mvnrepository\org\apache\logging\log4j\log4j-to-slf4j\2.12.1\log4j-to-slf4j-2.12.1.jar;E:\eclipse-workspace\mvn\mvnrepository\org\apache\logging\log4j\log4j-api\2.12.1\log4j-api-2.12.1.jar;E:\eclipse-workspace\mvn\mvnrepository\org\slf4j\jul-to-slf4j\1.7.29\jul-to-slf4j-1.7.29.jar;E:\eclipse-workspace\mvn\mvnrepository\jakarta\annotation\jakarta.annotation-api\1.3.5\jakarta.annotation-api-1.3.5.jar;E:\eclipse-workspace\mvn\mvnrepository\org\yaml\snakeyaml\1.25\snakeyaml-1.25.jar;E:\eclipse-workspace\mvn\mvnrepository\org\springframework\spring-aop\5.2.1.RELEASE\spring-aop-5.2.1.RELEASE.jar;E:\eclipse-workspace\mvn\mvnrepository\org\springframework\spring-beans\5.2.1.RELEASE\spring-beans-5.2.1.RELEASE.jar;E:\eclipse-workspace\mvn\mvnrepository\org\springframework\security\spring-security-config\5.2.1.RELEASE\spring-security-config-5.2.1.RELEASE.jar;E:\eclipse-workspace\mvn\mvnrepository\org\springframework\spring-context\5.2.1.RELEASE\spring-context-5.2.1.RELEASE.jar;E:\eclipse-workspace\mvn\mvnrepository\org\springframework\security\spring-security-web\5.2.1.RELEASE\spring-security-web-5.2.1.RELEASE.jar;E:\eclipse-workspace\mvn\mvnrepository\org\springframework\spring-expression\5.2.1.RELEASE\spring-expression-5.2.1.RELEASE.jar;E:\eclipse-workspace\mvn\mvnrepository\org\springframework\boot\spring-boot-starter-thymeleaf\2.2.1.RELEASE\spring-boot-starter-thymeleaf-2.2.1.RELEASE.jar;E:\eclipse-workspace\mvn\mvnrepository\org\thymeleaf\thymeleaf-spring5\3.0.11.RELEASE\thymeleaf-spring5-3.0.11.RELEASE.jar;E:\eclipse-workspace\mvn\mvnrepository\org\thymeleaf\thymeleaf\3.0.11.RELEASE\thymeleaf-3.0.11.RELEASE.jar;E:\eclipse-workspace\mvn\mvnrepository\org\attoparser\attoparser\2.0.5.RELEASE\attoparser-2.0.5.RELEASE.jar;E:\eclipse-workspace\mvn\mvnrepository\org\unbescape\unbescape\1.1.6.RELEASE\unbescape-1.1.6.RELEASE.jar;E:\eclipse-workspace\mvn\mvnrepository\org\thymeleaf\extras\thymeleaf-extras-java8time\3.0.4.RELEASE\thymeleaf-extras-java8time-3.0.4.RELEASE.jar;E:\eclipse-workspace\mvn\mvnrepository\org\springframework\boot\spring-boot-starter-web\2.2.1.RELEASE\spring-boot-starter-web-2.2.1.RELEASE.jar;E:\eclipse-workspace\mvn\mvnrepository\org\springframework\boot\spring-boot-starter-json\2.2.1.RELEASE\spring-boot-starter-json-2.2.1.RELEASE.jar;E:\eclipse-workspace\mvn\mvnrepository\com\fasterxml\jackson\core\jackson-databind\2.10.0\jackson-databind-2.10.0.jar;E:\eclipse-workspace\mvn\mvnrepository\com\fasterxml\jackson\core\jackson-core\2.10.0\jackson-core-2.10.0.jar;E:\eclipse-workspace\mvn\mvnrepository\com\fasterxml\jackson\datatype\jackson-datatype-jdk8\2.10.0\jackson-datatype-jdk8-2.10.0.jar;E:\eclipse-workspace\mvn\mvnrepository\com\fasterxml\jackson\datatype\jackson-datatype-jsr310\2.10.0\jackson-datatype-jsr310-2.10.0.jar;E:\eclipse-workspace\mvn\mvnrepository\com\fasterxml\jackson\module\jackson-module-parameter-names\2.10.0\jackson-module-parameter-names-2.10.0.jar;E:\eclipse-workspace\mvn\mvnrepository\org\springframework\boot\spring-boot-starter-tomcat\2.2.1.RELEASE\spring-boot-starter-tomcat-2.2.1.RELEASE.jar;E:\eclipse-workspace\mvn\mvnrepository\org\apache\tomcat\embed\tomcat-embed-core\9.0.27\tomcat-embed-core-9.0.27.jar;E:\eclipse-workspace\mvn\mvnrepository\org\apache\tomcat\embed\tomcat-embed-el\9.0.27\tomcat-embed-el-9.0.27.jar;E:\eclipse-workspace\mvn\mvnrepository\org\apache\tomcat\embed\tomcat-embed-websocket\9.0.27\tomcat-embed-websocket-9.0.27.jar;E:\eclipse-workspace\mvn\mvnrepository\org\springframework\boot\spring-boot-starter-validation\2.2.1.RELEASE\spring-boot-starter-validation-2.2.1.RELEASE.jar;E:\eclipse-workspace\mvn\mvnrepository\jakarta\validation\jakarta.validation-api\2.0.1\jakarta.validation-api-2.0.1.jar;E:\eclipse-workspace\mvn\mvnrepository\org\hibernate\validator\hibernate-validator\6.0.18.Final\hibernate-validator-6.0.18.Final.jar;E:\eclipse-workspace\mvn\mvnrepository\org\jboss\logging\jboss-logging\3.4.1.Final\jboss-logging-3.4.1.Final.jar;E:\eclipse-workspace\mvn\mvnrepository\org\springframework\spring-web\5.2.1.RELEASE\spring-web-5.2.1.RELEASE.jar;E:\eclipse-workspace\mvn\mvnrepository\org\springframework\spring-webmvc\5.2.1.RELEASE\spring-webmvc-5.2.1.RELEASE.jar;E:\eclipse-workspace\mvn\mvnrepository\org\mybatis\spring\boot\mybatis-spring-boot-starter\2.1.1\mybatis-spring-boot-starter-2.1.1.jar;E:\eclipse-workspace\mvn\mvnrepository\org\springframework\boot\spring-boot-starter-jdbc\2.2.1.RELEASE\spring-boot-starter-jdbc-2.2.1.RELEASE.jar;E:\eclipse-workspace\mvn\mvnrepository\com\zaxxer\HikariCP\3.4.1\HikariCP-3.4.1.jar;E:\eclipse-workspace\mvn\mvnrepository\org\springframework\spring-jdbc\5.2.1.RELEASE\spring-jdbc-5.2.1.RELEASE.jar;E:\eclipse-workspace\mvn\mvnrepository\org\springframework\spring-tx\5.2.1.RELEASE\spring-tx-5.2.1.RELEASE.jar;E:\eclipse-workspace\mvn\mvnrepository\org\mybatis\spring\boot\mybatis-spring-boot-autoconfigure\2.1.1\mybatis-spring-boot-autoconfigure-2.1.1.jar;E:\eclipse-workspace\mvn\mvnrepository\org\mybatis\mybatis\3.5.3\mybatis-3.5.3.jar;E:\eclipse-workspace\mvn\mvnrepository\org\mybatis\mybatis-spring\2.0.3\mybatis-spring-2.0.3.jar;E:\eclipse-workspace\mvn\mvnrepository\mysql\mysql-connector-java\8.0.18\mysql-connector-java-8.0.18.jar;E:\eclipse-workspace\mvn\mvnrepository\org\springframework\boot\spring-boot-starter-test\2.2.1.RELEASE\spring-boot-starter-test-2.2.1.RELEASE.jar;E:\eclipse-workspace\mvn\mvnrepository\org\springframework\boot\spring-boot-test\2.2.1.RELEASE\spring-boot-test-2.2.1.RELEASE.jar;E:\eclipse-workspace\mvn\mvnrepository\org\springframework\boot\spring-boot-test-autoconfigure\2.2.1.RELEASE\spring-boot-test-autoconfigure-2.2.1.RELEASE.jar;E:\eclipse-workspace\mvn\mvnrepository\com\jayway\jsonpath\json-path\2.4.0\json-path-2.4.0.jar;E:\eclipse-workspace\mvn\mvnrepository\net\minidev\json-smart\2.3\json-smart-2.3.jar;E:\eclipse-workspace\mvn\mvnrepository\net\minidev\accessors-smart\1.2\accessors-smart-1.2.jar;E:\eclipse-workspace\mvn\mvnrepository\org\ow2\asm\asm\5.0.4\asm-5.0.4.jar;E:\eclipse-workspace\mvn\mvnrepository\jakarta\xml\bind\jakarta.xml.bind-api\2.3.2\jakarta.xml.bind-api-2.3.2.jar;E:\eclipse-workspace\mvn\mvnrepository\jakarta\activation\jakarta.activation-api\1.2.1\jakarta.activation-api-1.2.1.jar;E:\eclipse-workspace\mvn\mvnrepository\org\junit\jupiter\junit-jupiter\5.5.2\junit-jupiter-5.5.2.jar;E:\eclipse-workspace\mvn\mvnrepository\org\junit\jupiter\junit-jupiter-api\5.5.2\junit-jupiter-api-5.5.2.jar;E:\eclipse-workspace\mvn\mvnrepository\org\apiguardian\apiguardian-api\1.1.0\apiguardian-api-1.1.0.jar;E:\eclipse-workspace\mvn\mvnrepository\org\opentest4j\opentest4j\1.2.0\opentest4j-1.2.0.jar;E:\eclipse-workspace\mvn\mvnrepository\org\junit\platform\junit-platform-commons\1.5.2\junit-platform-commons-1.5.2.jar;E:\eclipse-workspace\mvn\mvnrepository\org\junit\jupiter\junit-jupiter-params\5.5.2\junit-jupiter-params-5.5.2.jar;E:\eclipse-workspace\mvn\mvnrepository\org\junit\jupiter\junit-jupiter-engine\5.5.2\junit-jupiter-engine-5.5.2.jar;E:\eclipse-workspace\mvn\mvnrepository\org\junit\platform\junit-platform-engine\1.5.2\junit-platform-engine-1.5.2.jar;E:\eclipse-workspace\mvn\mvnrepository\org\mockito\mockito-junit-jupiter\3.1.0\mockito-junit-jupiter-3.1.0.jar;E:\eclipse-workspace\mvn\mvnrepository\org\assertj\assertj-core\3.13.2\assertj-core-3.13.2.jar;E:\eclipse-workspace\mvn\mvnrepository\org\hamcrest\hamcrest\2.1\hamcrest-2.1.jar;E:\eclipse-workspace\mvn\mvnrepository\org\mockito\mockito-core\3.1.0\mockito-core-3.1.0.jar;E:\eclipse-workspace\mvn\mvnrepository\net\bytebuddy\byte-buddy\1.10.2\byte-buddy-1.10.2.jar;E:\eclipse-workspace\mvn\mvnrepository\net\bytebuddy\byte-buddy-agent\1.10.2\byte-buddy-agent-1.10.2.jar;E:\eclipse-workspace\mvn\mvnrepository\org\objenesis\objenesis\2.6\objenesis-2.6.jar;E:\eclipse-workspace\mvn\mvnrepository\org\skyscreamer\jsonassert\1.5.0\jsonassert-1.5.0.jar;E:\eclipse-workspace\mvn\mvnrepository\com\vaadin\external\google\android-json\0.0.20131108.vaadin1\android-json-0.0.20131108.vaadin1.jar;E:\eclipse-workspace\mvn\mvnrepository\org\springframework\spring-core\5.2.1.RELEASE\spring-core-5.2.1.RELEASE.jar;E:\eclipse-workspace\mvn\mvnrepository\org\springframework\spring-jcl\5.2.1.RELEASE\spring-jcl-5.2.1.RELEASE.jar;E:\eclipse-workspace\mvn\mvnrepository\org\springframework\spring-test\5.2.1.RELEASE\spring-test-5.2.1.RELEASE.jar;E:\eclipse-workspace\mvn\mvnrepository\org\xmlunit\xmlunit-core\2.6.3\xmlunit-core-2.6.3.jar;E:\eclipse-workspace\mvn\mvnrepository\org\springframework\security\spring-security-test\5.2.1.RELEASE\spring-security-test-5.2.1.RELEASE.jar;E:\eclipse-workspace\mvn\mvnrepository\org\springframework\security\spring-security-core\5.2.1.RELEASE\spring-security-core-5.2.1.RELEASE.jar;E:\eclipse-workspace\mvn\mvnrepository\io\springfox\springfox-swagger2\2.8.0\springfox-swagger2-2.8.0.jar;E:\eclipse-workspace\mvn\mvnrepository\io\swagger\swagger-annotations\1.5.14\swagger-annotations-1.5.14.jar;E:\eclipse-workspace\mvn\mvnrepository\io\swagger\swagger-models\1.5.14\swagger-models-1.5.14.jar;E:\eclipse-workspace\mvn\mvnrepository\com\fasterxml\jackson\core\jackson-annotations\2.10.0\jackson-annotations-2.10.0.jar;E:\eclipse-workspace\mvn\mvnrepository\io\springfox\springfox-spi\2.8.0\springfox-spi-2.8.0.jar;E:\eclipse-workspace\mvn\mvnrepository\io\springfox\springfox-core\2.8.0\springfox-core-2.8.0.jar;E:\eclipse-workspace\mvn\mvnrepository\io\springfox\springfox-schema\2.8.0\springfox-schema-2.8.0.jar;E:\eclipse-workspace\mvn\mvnrepository\io\springfox\springfox-swagger-common\2.8.0\springfox-swagger-common-2.8.0.jar;E:\eclipse-workspace\mvn\mvnrepository\io\springfox\springfox-spring-web\2.8.0\springfox-spring-web-2.8.0.jar;E:\eclipse-workspace\mvn\mvnrepository\org\reflections\reflections\0.9.11\reflections-0.9.11.jar;E:\eclipse-workspace\mvn\mvnrepository\org\javassist\javassist\3.21.0-GA\javassist-3.21.0-GA.jar;E:\eclipse-workspace\mvn\mvnrepository\com\google\guava\guava\20.0\guava-20.0.jar;E:\eclipse-workspace\mvn\mvnrepository\com\fasterxml\classmate\1.5.1\classmate-1.5.1.jar;E:\eclipse-workspace\mvn\mvnrepository\org\slf4j\slf4j-api\1.7.29\slf4j-api-1.7.29.jar;E:\eclipse-workspace\mvn\mvnrepository\org\springframework\plugin\spring-plugin-core\1.2.0.RELEASE\spring-plugin-core-1.2.0.RELEASE.jar;E:\eclipse-workspace\mvn\mvnrepository\org\springframework\plugin\spring-plugin-metadata\1.2.0.RELEASE\spring-plugin-metadata-1.2.0.RELEASE.jar;E:\eclipse-workspace\mvn\mvnrepository\org\mapstruct\mapstruct\1.2.0.Final\mapstruct-1.2.0.Final.jar;E:\eclipse-workspace\mvn\mvnrepository\io\springfox\springfox-swagger-ui\2.8.0\springfox-swagger-ui-2.8.0.jar;E:\eclipse-workspace\mvn\mvnrepository\javax\xml\bind\jaxb-api\2.3.0\jaxb-api-2.3.0.jar;E:\eclipse-workspace\mvn\mvnrepository\junit\junit\4.12\junit-4.12.jar;E:\eclipse-workspace\mvn\mvnrepository\org\hamcrest\hamcrest-core\2.1\hamcrest-core-2.1.jar;E:\eclipse-workspace\mvn\mvnrepository\com\alibaba\fastjson\1.2.56\fastjson-1.2.56.jar;"/>
    <property name="java.vm.vendor" value="Oracle Corporation"/>
    <property name="sun.arch.data.model" value="64"/>
    <property name="user.variant" value=""/>
    <property name="java.vendor.url" value="http://java.oracle.com/"/>
    <property name="user.timezone" value="Asia/Shanghai"/>
    <property name="java.vm.specification.version" value="9"/>
    <property name="os.name" value="Windows 10"/>
    <property name="sun.java.launcher" value="SUN_STANDARD"/>
    <property name="user.country" value="CN"/>
    <property name="sun.boot.library.path" value="E:\Java\jdk-9.0.4\bin"/>
    <property name="sun.java.command" value="C:\Users\ADMINI~1\AppData\Local\Temp\surefire3564474653760009800\surefirebooter9204768750940021591.jar C:\Users\Administrator\AppData\Local\Temp\surefire3564474653760009800 2019-12-26T20-39-10_624-jvmRun1 surefire1270159105633477105tmp surefire_06927812551925079429tmp"/>
    <property name="jdk.debug" value="release"/>
    <property name="surefire.test.class.path" value="E:\eclipse_jee\MeetHere\target\test-classes;E:\eclipse_jee\MeetHere\target\classes;E:\eclipse-workspace\mvn\mvnrepository\org\springframework\boot\spring-boot-starter-security\2.2.1.RELEASE\spring-boot-starter-security-2.2.1.RELEASE.jar;E:\eclipse-workspace\mvn\mvnrepository\org\springframework\boot\spring-boot-starter\2.2.1.RELEASE\spring-boot-starter-2.2.1.RELEASE.jar;E:\eclipse-workspace\mvn\mvnrepository\org\springframework\boot\spring-boot\2.2.1.RELEASE\spring-boot-2.2.1.RELEASE.jar;E:\eclipse-workspace\mvn\mvnrepository\org\springframework\boot\spring-boot-autoconfigure\2.2.1.RELEASE\spring-boot-autoconfigure-2.2.1.RELEASE.jar;E:\eclipse-workspace\mvn\mvnrepository\org\springframework\boot\spring-boot-starter-logging\2.2.1.RELEASE\spring-boot-starter-logging-2.2.1.RELEASE.jar;E:\eclipse-workspace\mvn\mvnrepository\ch\qos\logback\logback-classic\1.2.3\logback-classic-1.2.3.jar;E:\eclipse-workspace\mvn\mvnrepository\ch\qos\logback\logback-core\1.2.3\logback-core-1.2.3.jar;E:\eclipse-workspace\mvn\mvnrepository\org\apache\logging\log4j\log4j-to-slf4j\2.12.1\log4j-to-slf4j-2.12.1.jar;E:\eclipse-workspace\mvn\mvnrepository\org\apache\logging\log4j\log4j-api\2.12.1\log4j-api-2.12.1.jar;E:\eclipse-workspace\mvn\mvnrepository\org\slf4j\jul-to-slf4j\1.7.29\jul-to-slf4j-1.7.29.jar;E:\eclipse-workspace\mvn\mvnrepository\jakarta\annotation\jakarta.annotation-api\1.3.5\jakarta.annotation-api-1.3.5.jar;E:\eclipse-workspace\mvn\mvnrepository\org\yaml\snakeyaml\1.25\snakeyaml-1.25.jar;E:\eclipse-workspace\mvn\mvnrepository\org\springframework\spring-aop\5.2.1.RELEASE\spring-aop-5.2.1.RELEASE.jar;E:\eclipse-workspace\mvn\mvnrepository\org\springframework\spring-beans\5.2.1.RELEASE\spring-beans-5.2.1.RELEASE.jar;E:\eclipse-workspace\mvn\mvnrepository\org\springframework\security\spring-security-config\5.2.1.RELEASE\spring-security-config-5.2.1.RELEASE.jar;E:\eclipse-workspace\mvn\mvnrepository\org\springframework\spring-context\5.2.1.RELEASE\spring-context-5.2.1.RELEASE.jar;E:\eclipse-workspace\mvn\mvnrepository\org\springframework\security\spring-security-web\5.2.1.RELEASE\spring-security-web-5.2.1.RELEASE.jar;E:\eclipse-workspace\mvn\mvnrepository\org\springframework\spring-expression\5.2.1.RELEASE\spring-expression-5.2.1.RELEASE.jar;E:\eclipse-workspace\mvn\mvnrepository\org\springframework\boot\spring-boot-starter-thymeleaf\2.2.1.RELEASE\spring-boot-starter-thymeleaf-2.2.1.RELEASE.jar;E:\eclipse-workspace\mvn\mvnrepository\org\thymeleaf\thymeleaf-spring5\3.0.11.RELEASE\thymeleaf-spring5-3.0.11.RELEASE.jar;E:\eclipse-workspace\mvn\mvnrepository\org\thymeleaf\thymeleaf\3.0.11.RELEASE\thymeleaf-3.0.11.RELEASE.jar;E:\eclipse-workspace\mvn\mvnrepository\org\attoparser\attoparser\2.0.5.RELEASE\attoparser-2.0.5.RELEASE.jar;E:\eclipse-workspace\mvn\mvnrepository\org\unbescape\unbescape\1.1.6.RELEASE\unbescape-1.1.6.RELEASE.jar;E:\eclipse-workspace\mvn\mvnrepository\org\thymeleaf\extras\thymeleaf-extras-java8time\3.0.4.RELEASE\thymeleaf-extras-java8time-3.0.4.RELEASE.jar;E:\eclipse-workspace\mvn\mvnrepository\org\springframework\boot\spring-boot-starter-web\2.2.1.RELEASE\spring-boot-starter-web-2.2.1.RELEASE.jar;E:\eclipse-workspace\mvn\mvnrepository\org\springframework\boot\spring-boot-starter-json\2.2.1.RELEASE\spring-boot-starter-json-2.2.1.RELEASE.jar;E:\eclipse-workspace\mvn\mvnrepository\com\fasterxml\jackson\core\jackson-databind\2.10.0\jackson-databind-2.10.0.jar;E:\eclipse-workspace\mvn\mvnrepository\com\fasterxml\jackson\core\jackson-core\2.10.0\jackson-core-2.10.0.jar;E:\eclipse-workspace\mvn\mvnrepository\com\fasterxml\jackson\datatype\jackson-datatype-jdk8\2.10.0\jackson-datatype-jdk8-2.10.0.jar;E:\eclipse-workspace\mvn\mvnrepository\com\fasterxml\jackson\datatype\jackson-datatype-jsr310\2.10.0\jackson-datatype-jsr310-2.10.0.jar;E:\eclipse-workspace\mvn\mvnrepository\com\fasterxml\jackson\module\jackson-module-parameter-names\2.10.0\jackson-module-parameter-names-2.10.0.jar;E:\eclipse-workspace\mvn\mvnrepository\org\springframework\boot\spring-boot-starter-tomcat\2.2.1.RELEASE\spring-boot-starter-tomcat-2.2.1.RELEASE.jar;E:\eclipse-workspace\mvn\mvnrepository\org\apache\tomcat\embed\tomcat-embed-core\9.0.27\tomcat-embed-core-9.0.27.jar;E:\eclipse-workspace\mvn\mvnrepository\org\apache\tomcat\embed\tomcat-embed-el\9.0.27\tomcat-embed-el-9.0.27.jar;E:\eclipse-workspace\mvn\mvnrepository\org\apache\tomcat\embed\tomcat-embed-websocket\9.0.27\tomcat-embed-websocket-9.0.27.jar;E:\eclipse-workspace\mvn\mvnrepository\org\springframework\boot\spring-boot-starter-validation\2.2.1.RELEASE\spring-boot-starter-validation-2.2.1.RELEASE.jar;E:\eclipse-workspace\mvn\mvnrepository\jakarta\validation\jakarta.validation-api\2.0.1\jakarta.validation-api-2.0.1.jar;E:\eclipse-workspace\mvn\mvnrepository\org\hibernate\validator\hibernate-validator\6.0.18.Final\hibernate-validator-6.0.18.Final.jar;E:\eclipse-workspace\mvn\mvnrepository\org\jboss\logging\jboss-logging\3.4.1.Final\jboss-logging-3.4.1.Final.jar;E:\eclipse-workspace\mvn\mvnrepository\org\springframework\spring-web\5.2.1.RELEASE\spring-web-5.2.1.RELEASE.jar;E:\eclipse-workspace\mvn\mvnrepository\org\springframework\spring-webmvc\5.2.1.RELEASE\spring-webmvc-5.2.1.RELEASE.jar;E:\eclipse-workspace\mvn\mvnrepository\org\mybatis\spring\boot\mybatis-spring-boot-starter\2.1.1\mybatis-spring-boot-starter-2.1.1.jar;E:\eclipse-workspace\mvn\mvnrepository\org\springframework\boot\spring-boot-starter-jdbc\2.2.1.RELEASE\spring-boot-starter-jdbc-2.2.1.RELEASE.jar;E:\eclipse-workspace\mvn\mvnrepository\com\zaxxer\HikariCP\3.4.1\HikariCP-3.4.1.jar;E:\eclipse-workspace\mvn\mvnrepository\org\springframework\spring-jdbc\5.2.1.RELEASE\spring-jdbc-5.2.1.RELEASE.jar;E:\eclipse-workspace\mvn\mvnrepository\org\springframework\spring-tx\5.2.1.RELEASE\spring-tx-5.2.1.RELEASE.jar;E:\eclipse-workspace\mvn\mvnrepository\org\mybatis\spring\boot\mybatis-spring-boot-autoconfigure\2.1.1\mybatis-spring-boot-autoconfigure-2.1.1.jar;E:\eclipse-workspace\mvn\mvnrepository\org\mybatis\mybatis\3.5.3\mybatis-3.5.3.jar;E:\eclipse-workspace\mvn\mvnrepository\org\mybatis\mybatis-spring\2.0.3\mybatis-spring-2.0.3.jar;E:\eclipse-workspace\mvn\mvnrepository\mysql\mysql-connector-java\8.0.18\mysql-connector-java-8.0.18.jar;E:\eclipse-workspace\mvn\mvnrepository\org\springframework\boot\spring-boot-starter-test\2.2.1.RELEASE\spring-boot-starter-test-2.2.1.RELEASE.jar;E:\eclipse-workspace\mvn\mvnrepository\org\springframework\boot\spring-boot-test\2.2.1.RELEASE\spring-boot-test-2.2.1.RELEASE.jar;E:\eclipse-workspace\mvn\mvnrepository\org\springframework\boot\spring-boot-test-autoconfigure\2.2.1.RELEASE\spring-boot-test-autoconfigure-2.2.1.RELEASE.jar;E:\eclipse-workspace\mvn\mvnrepository\com\jayway\jsonpath\json-path\2.4.0\json-path-2.4.0.jar;E:\eclipse-workspace\mvn\mvnrepository\net\minidev\json-smart\2.3\json-smart-2.3.jar;E:\eclipse-workspace\mvn\mvnrepository\net\minidev\accessors-smart\1.2\accessors-smart-1.2.jar;E:\eclipse-workspace\mvn\mvnrepository\org\ow2\asm\asm\5.0.4\asm-5.0.4.jar;E:\eclipse-workspace\mvn\mvnrepository\jakarta\xml\bind\jakarta.xml.bind-api\2.3.2\jakarta.xml.bind-api-2.3.2.jar;E:\eclipse-workspace\mvn\mvnrepository\jakarta\activation\jakarta.activation-api\1.2.1\jakarta.activation-api-1.2.1.jar;E:\eclipse-workspace\mvn\mvnrepository\org\junit\jupiter\junit-jupiter\5.5.2\junit-jupiter-5.5.2.jar;E:\eclipse-workspace\mvn\mvnrepository\org\junit\jupiter\junit-jupiter-api\5.5.2\junit-jupiter-api-5.5.2.jar;E:\eclipse-workspace\mvn\mvnrepository\org\apiguardian\apiguardian-api\1.1.0\apiguardian-api-1.1.0.jar;E:\eclipse-workspace\mvn\mvnrepository\org\opentest4j\opentest4j\1.2.0\opentest4j-1.2.0.jar;E:\eclipse-workspace\mvn\mvnrepository\org\junit\platform\junit-platform-commons\1.5.2\junit-platform-commons-1.5.2.jar;E:\eclipse-workspace\mvn\mvnrepository\org\junit\jupiter\junit-jupiter-params\5.5.2\junit-jupiter-params-5.5.2.jar;E:\eclipse-workspace\mvn\mvnrepository\org\junit\jupiter\junit-jupiter-engine\5.5.2\junit-jupiter-engine-5.5.2.jar;E:\eclipse-workspace\mvn\mvnrepository\org\junit\platform\junit-platform-engine\1.5.2\junit-platform-engine-1.5.2.jar;E:\eclipse-workspace\mvn\mvnrepository\org\mockito\mockito-junit-jupiter\3.1.0\mockito-junit-jupiter-3.1.0.jar;E:\eclipse-workspace\mvn\mvnrepository\org\assertj\assertj-core\3.13.2\assertj-core-3.13.2.jar;E:\eclipse-workspace\mvn\mvnrepository\org\hamcrest\hamcrest\2.1\hamcrest-2.1.jar;E:\eclipse-workspace\mvn\mvnrepository\org\mockito\mockito-core\3.1.0\mockito-core-3.1.0.jar;E:\eclipse-workspace\mvn\mvnrepository\net\bytebuddy\byte-buddy\1.10.2\byte-buddy-1.10.2.jar;E:\eclipse-workspace\mvn\mvnrepository\net\bytebuddy\byte-buddy-agent\1.10.2\byte-buddy-agent-1.10.2.jar;E:\eclipse-workspace\mvn\mvnrepository\org\objenesis\objenesis\2.6\objenesis-2.6.jar;E:\eclipse-workspace\mvn\mvnrepository\org\skyscreamer\jsonassert\1.5.0\jsonassert-1.5.0.jar;E:\eclipse-workspace\mvn\mvnrepository\com\vaadin\external\google\android-json\0.0.20131108.vaadin1\android-json-0.0.20131108.vaadin1.jar;E:\eclipse-workspace\mvn\mvnrepository\org\springframework\spring-core\5.2.1.RELEASE\spring-core-5.2.1.RELEASE.jar;E:\eclipse-workspace\mvn\mvnrepository\org\springframework\spring-jcl\5.2.1.RELEASE\spring-jcl-5.2.1.RELEASE.jar;E:\eclipse-workspace\mvn\mvnrepository\org\springframework\spring-test\5.2.1.RELEASE\spring-test-5.2.1.RELEASE.jar;E:\eclipse-workspace\mvn\mvnrepository\org\xmlunit\xmlunit-core\2.6.3\xmlunit-core-2.6.3.jar;E:\eclipse-workspace\mvn\mvnrepository\org\springframework\security\spring-security-test\5.2.1.RELEASE\spring-security-test-5.2.1.RELEASE.jar;E:\eclipse-workspace\mvn\mvnrepository\org\springframework\security\spring-security-core\5.2.1.RELEASE\spring-security-core-5.2.1.RELEASE.jar;E:\eclipse-workspace\mvn\mvnrepository\io\springfox\springfox-swagger2\2.8.0\springfox-swagger2-2.8.0.jar;E:\eclipse-workspace\mvn\mvnrepository\io\swagger\swagger-annotations\1.5.14\swagger-annotations-1.5.14.jar;E:\eclipse-workspace\mvn\mvnrepository\io\swagger\swagger-models\1.5.14\swagger-models-1.5.14.jar;E:\eclipse-workspace\mvn\mvnrepository\com\fasterxml\jackson\core\jackson-annotations\2.10.0\jackson-annotations-2.10.0.jar;E:\eclipse-workspace\mvn\mvnrepository\io\springfox\springfox-spi\2.8.0\springfox-spi-2.8.0.jar;E:\eclipse-workspace\mvn\mvnrepository\io\springfox\springfox-core\2.8.0\springfox-core-2.8.0.jar;E:\eclipse-workspace\mvn\mvnrepository\io\springfox\springfox-schema\2.8.0\springfox-schema-2.8.0.jar;E:\eclipse-workspace\mvn\mvnrepository\io\springfox\springfox-swagger-common\2.8.0\springfox-swagger-common-2.8.0.jar;E:\eclipse-workspace\mvn\mvnrepository\io\springfox\springfox-spring-web\2.8.0\springfox-spring-web-2.8.0.jar;E:\eclipse-workspace\mvn\mvnrepository\org\reflections\reflections\0.9.11\reflections-0.9.11.jar;E:\eclipse-workspace\mvn\mvnrepository\org\javassist\javassist\3.21.0-GA\javassist-3.21.0-GA.jar;E:\eclipse-workspace\mvn\mvnrepository\com\google\guava\guava\20.0\guava-20.0.jar;E:\eclipse-workspace\mvn\mvnrepository\com\fasterxml\classmate\1.5.1\classmate-1.5.1.jar;E:\eclipse-workspace\mvn\mvnrepository\org\slf4j\slf4j-api\1.7.29\slf4j-api-1.7.29.jar;E:\eclipse-workspace\mvn\mvnrepository\org\springframework\plugin\spring-plugin-core\1.2.0.RELEASE\spring-plugin-core-1.2.0.RELEASE.jar;E:\eclipse-workspace\mvn\mvnrepository\org\springframework\plugin\spring-plugin-metadata\1.2.0.RELEASE\spring-plugin-metadata-1.2.0.RELEASE.jar;E:\eclipse-workspace\mvn\mvnrepository\org\mapstruct\mapstruct\1.2.0.Final\mapstruct-1.2.0.Final.jar;E:\eclipse-workspace\mvn\mvnrepository\io\springfox\springfox-swagger-ui\2.8.0\springfox-swagger-ui-2.8.0.jar;E:\eclipse-workspace\mvn\mvnrepository\javax\xml\bind\jaxb-api\2.3.0\jaxb-api-2.3.0.jar;E:\eclipse-workspace\mvn\mvnrepository\junit\junit\4.12\junit-4.12.jar;E:\eclipse-workspace\mvn\mvnrepository\org\hamcrest\hamcrest-core\2.1\hamcrest-core-2.1.jar;E:\eclipse-workspace\mvn\mvnrepository\com\alibaba\fastjson\1.2.56\fastjson-1.2.56.jar;"/>
    <property name="sun.cpu.endian" value="little"/>
    <property name="user.home" value="C:\Users\Administrator"/>
    <property name="user.language" value="zh"/>
    <property name="java.specification.vendor" value="Oracle Corporation"/>
    <property name="java.home" value="E:\Java\jdk-9.0.4"/>
    <property name="file.separator" value="\"/>
    <property name="basedir" value="E:\eclipse_jee\MeetHere"/>
    <property name="java.vm.compressedOopsMode" value="Zero based"/>
    <property name="line.separator" value="&#10;"/>
    <property name="java.vm.specification.vendor" value="Oracle Corporation"/>
    <property name="java.specification.name" value="Java Platform API Specification"/>
    <property name="java.awt.graphicsenv" value="sun.awt.Win32GraphicsEnvironment"/>
    <property name="surefire.real.class.path" value="C:\Users\ADMINI~1\AppData\Local\Temp\surefire3564474653760009800\surefirebooter9204768750940021591.jar"/>
    <property name="user.script" value=""/>
    <property name="sun.management.compiler" value="HotSpot 64-Bit Tiered Compilers"/>
    <property name="java.runtime.version" value="9.0.4+11"/>
    <property name="user.name" value="Administrator"/>
    <property name="path.separator" value=";"/>
    <property name="os.version" value="10.0"/>
    <property name="java.runtime.name" value="Java(TM) SE Runtime Environment"/>
    <property name="file.encoding" value="GBK"/>
    <property name="java.vm.name" value="Java HotSpot(TM) 64-Bit Server VM"/>
    <property name="localRepository" value="E:\eclipse-workspace\mvn\mvnrepository"/>
    <property name="java.vendor.url.bug" value="http://bugreport.java.com/bugreport/"/>
    <property name="java.io.tmpdir" value="C:\Users\ADMINI~1\AppData\Local\Temp\"/>
    <property name="java.version" value="9.0.4"/>
    <property name="user.dir" value="E:\eclipse_jee\MeetHere"/>
    <property name="os.arch" value="amd64"/>
    <property name="java.vm.specification.name" value="Java Virtual Machine Specification"/>
    <property name="java.awt.printerjob" value="sun.awt.windows.WPrinterJob"/>
    <property name="sun.os.patch.level" value=""/>
    <property name="java.library.path" value="E:\Java\jdk-9.0.4\bin;C:\WINDOWS\Sun\Java\bin;C:\WINDOWS\system32;C:\WINDOWS;D:\Program Files\python;D:\Program Files\mingw64\bin;D:\Program Files\python\Scripts;D:\Program Files\Microsoft MPI\Bin\;C:\ProgramData\Oracle\Java\javapath;C:\WINDOWS\system32;C:\WINDOWS;C:\WINDOWS\System32\Wbem;C:\WINDOWS\System32\WindowsPowerShell\v1.0\;E:\Java\jdk-9.0.4\bin;E:\Java\jdk-9.0.4\jre\bin;C:\Program Files\Common Files\Autodesk Shared\;C:\Program Files (x86)\Autodesk\Backburner\;C:\WINDOWS\System32\OpenSSH\;C:\Program Files (x86)\Microsoft SQL Server\Client SDK\ODBC\130\Tools\Binn\;C:\Program Files (x86)\Microsoft SQL Server\140\Tools\Binn\;C:\Program Files (x86)\Microsoft SQL Server\140\DTS\Binn\;C:\Program Files (x86)\Microsoft SQL Server\140\Tools\Binn\ManagementStudio\;C:\Program Files\Microsoft SQL Server\Client SDK\ODBC\130\Tools\Binn\;C:\Program Files\Microsoft SQL Server\140\Tools\Binn\;C:\Program Files\Microsoft SQL Server\140\DTS\Binn\;C:\Program Files (x86)\GtkSharp\2.12\bin;C:\Program Files\Pandoc\;F:\texlive\2019\bin\win32;D:\Program Files\apache-maven-3.6.2\bin;C:\Program Files\Git\cmd;D:\Program Files\PuTTY\;C:\Program Files\MySQL\MySQL Shell 8.0\bin\;C:\Users\Administrator\AppData\Local\Microsoft\WindowsApps;D:\Program Files\JetBrains\PyCharm Community Edition 2019.1.3\bin;;D:\Program Files\python;;E:\Users\Administrator\AppData\Local\Programs\Microsoft VS Code\bin;."/>
    <property name="java.vm.info" value="mixed mode"/>
    <property name="java.vendor" value="Oracle Corporation"/>
    <property name="java.vm.version" value="9.0.4+11"/>
    <property name="sun.io.unicode.encoding" value="UnicodeLittle"/>
    <property name="java.class.version" value="53.0"/>
  </properties>
  <testcase name="should_find_all_users_by_mapper" classname="com.tcg.service.impl.UserInfoServiceImplTest" time="0.004"/>
  <testcase name="should_find_user_by_mapper" classname="com.tcg.service.impl.UserInfoServiceImplTest" time="0.004"/>
  <testcase name="should_insert_a_user_by_mapper" classname="com.tcg.service.impl.UserInfoServiceImplTest" time="0.003"/>
  <testcase name="should_delete_user_by_mapper" classname="com.tcg.service.impl.UserInfoServiceImplTest" time="0.003"/>
  <testcase name="should_update_userInfo_by_mapper" classname="com.tcg.service.impl.UserInfoServiceImplTest" time="0.002"/>
</testsuite>